2026-04-13 11:57:37 [INFO] ✅ YAML válido!
2026-04-13 11:58:29 [INFO] ✅ YAML válido!
2026-04-13 11:58:29 [INFO] Iniciando Pre Processamento do Yaml
2026-04-13 11:58:29 [INFO] Novo Yaml Gerado Em 'BotUi_Examples/example_fun_1/output/expanded_yaml.yaml'
2026-04-13 11:58:29 [INFO] 🚀 Iniciando BotUI
2026-04-13 11:58:29 [INFO] 🔄 Executando pipelines
2026-04-13 11:58:38 [INFO] 🚀 Pipeline 'google_consent' iniciada na URL: https://play.pokemonshowdown.com
2026-04-13 11:58:40 [ERROR] Existem 0 candidatos, mas foi passado position=0 | Step Info: {'action': 'FIND', 'object_type': 'TEXT', 'text': 'Consent', 'optional': True, 'side': 'LEFT', 'click': True, 'debug': True}
2026-04-13 11:58:40 [INFO] 🧹 Finalizando driver
2026-04-13 11:59:35 [INFO] ✅ YAML válido!
2026-04-13 11:59:35 [INFO] Iniciando Pre Processamento do Yaml
2026-04-13 11:59:35 [INFO] Novo Yaml Gerado Em 'BotUi_Examples/example_fun_1/output/expanded_yaml.yaml'
2026-04-13 11:59:35 [INFO] 🚀 Iniciando BotUI
2026-04-13 11:59:35 [INFO] 🔄 Executando pipelines
2026-04-13 11:59:43 [INFO] 🚀 Pipeline 'google_consent' iniciada na URL: https://play.pokemonshowdown.com
2026-04-13 11:59:46 [ERROR] Debug Foi ativado para este step, logo o codigo ira finalizar | Step Info: {'action': 'FIND', 'object_type': 'TEXT', 'text': 'Consent', 'optional': True, 'debug': True}
2026-04-13 11:59:46 [INFO] 🧹 Finalizando driver
2026-04-13 12:04:05 [INFO] ✅ YAML válido!
2026-04-13 12:04:05 [INFO] Iniciando Pre Processamento do Yaml
2026-04-13 12:04:05 [INFO] Novo Yaml Gerado Em 'BotUi_Examples/example_fun_1/output/expanded_yaml.yaml'
2026-04-13 12:04:05 [INFO] 🚀 Iniciando BotUI
2026-04-13 12:04:05 [INFO] 🔄 Executando pipelines
2026-04-13 12:04:14 [INFO] 🚀 Pipeline 'google_consent' iniciada na URL: https://play.pokemonshowdown.com
2026-04-13 12:04:29 [INFO] ✅ Todas as pipelines concluídas
2026-04-13 12:04:29 [INFO] 🧹 Finalizando driver
2026-04-13 12:06:43 [INFO] ✅ YAML válido!
2026-04-13 12:06:43 [INFO] Iniciando Pre Processamento do Yaml
2026-04-13 12:06:43 [INFO] Novo Yaml Gerado Em 'BotUi_Examples/example_fun_1/output/expanded_yaml.yaml'
2026-04-13 12:06:43 [INFO] 🚀 Iniciando BotUI
2026-04-13 12:06:43 [INFO] 🔄 Executando pipelines
2026-04-13 12:06:51 [INFO] 🚀 Pipeline 'google_consent' iniciada na URL: https://play.pokemonshowdown.com
2026-04-13 12:07:11 [ERROR] Existem 0 candidatos, mas foi passado position=0 | Step Info: {'action': 'FIND', 'object_type': 'TEXT', 'text': 'Password', 'y_coord': 2, 'click': True}
2026-04-13 12:07:11 [INFO] 🧹 Finalizando driver
2026-04-13 12:08:16 [INFO] ✅ YAML válido!
2026-04-13 12:08:16 [INFO] Iniciando Pre Processamento do Yaml
2026-04-13 12:08:16 [INFO] Novo Yaml Gerado Em 'BotUi_Examples/example_fun_1/output/expanded_yaml.yaml'
2026-04-13 12:08:16 [INFO] 🚀 Iniciando BotUI
2026-04-13 12:08:16 [INFO] 🔄 Executando pipelines
2026-04-13 12:08:23 [INFO] 🚀 Pipeline 'google_consent' iniciada na URL: https://play.pokemonshowdown.com
2026-04-13 12:08:41 [ERROR] Debug Foi ativado para este step, logo o codigo ira finalizar | Step Info: {'action': 'FIND', 'object_type': 'TEXT', 'text': 'Choose name', 'click': True, 'debug': True}
2026-04-13 12:08:41 [INFO] 🧹 Finalizando driver
2026-04-13 12:09:18 [INFO] ✅ YAML válido!
2026-04-13 12:09:18 [INFO] Iniciando Pre Processamento do Yaml
2026-04-13 12:09:18 [INFO] Novo Yaml Gerado Em 'BotUi_Examples/example_fun_1/output/expanded_yaml.yaml'
2026-04-13 12:09:18 [INFO] 🚀 Iniciando BotUI
2026-04-13 12:09:18 [INFO] 🔄 Executando pipelines
2026-04-13 12:09:25 [INFO] 🚀 Pipeline 'google_consent' iniciada na URL: https://play.pokemonshowdown.com
2026-04-13 12:09:46 [INFO] ✅ Todas as pipelines concluídas
2026-04-13 12:09:46 [INFO] 🧹 Finalizando driver
2026-04-13 12:10:36 [ERROR] ❌ Erros de validação do YAML:
1 validation error for PipelineConfig
pipelines.login.steps.6
  Value error, [FIND] campo obrigatório 'object_type' ausente [type=value_error, input_value={'action': 'FIND', 'text'...'Log in', 'click': True}, input_type=dict]
    For further information visit https://errors.pydantic.dev/2.13/v/value_error
2026-04-13 12:10:49 [INFO] ✅ YAML válido!
2026-04-13 12:10:49 [INFO] Iniciando Pre Processamento do Yaml
2026-04-13 12:10:49 [INFO] Novo Yaml Gerado Em 'BotUi_Examples/example_fun_1/output/expanded_yaml.yaml'
2026-04-13 12:10:49 [INFO] 🚀 Iniciando BotUI
2026-04-13 12:10:49 [INFO] 🔄 Executando pipelines
2026-04-13 12:10:57 [INFO] 🚀 Pipeline 'google_consent' iniciada na URL: https://play.pokemonshowdown.com
2026-04-13 12:11:22 [INFO] ✅ Todas as pipelines concluídas
2026-04-13 12:11:22 [INFO] 🧹 Finalizando driver
2026-04-13 12:11:38 [INFO] ✅ YAML válido!
2026-04-13 12:11:38 [INFO] Iniciando Pre Processamento do Yaml
2026-04-13 12:11:38 [INFO] Novo Yaml Gerado Em 'BotUi_Examples/example_fun_1/output/expanded_yaml.yaml'
2026-04-13 12:11:38 [INFO] 🚀 Iniciando BotUI
2026-04-13 12:11:38 [INFO] 🔄 Executando pipelines
2026-04-13 12:11:46 [INFO] 🚀 Pipeline 'google_consent' iniciada na URL: https://play.pokemonshowdown.com
2026-04-13 12:12:12 [ERROR] Debug Foi ativado para este step, logo o codigo ira finalizar | Step Info: {'action': 'FIND', 'object_type': 'TEXT', 'text': 'Log in', 'click': True, 'debug': True}
2026-04-13 12:12:12 [INFO] 🧹 Finalizando driver
2026-04-13 12:12:34 [ERROR] ❌ Erros de validação do YAML:
1 validation error for PipelineConfig
pipelines.login.steps.6
  Value error, [FIND] campos não permitidos: {'refresh'} [type=value_error, input_value={'action': 'FIND', 'objec...h': True, 'debug': True}, input_type=dict]
    For further information visit https://errors.pydantic.dev/2.13/v/value_error
2026-04-13 12:13:49 [INFO] ✅ YAML válido!
2026-04-13 12:13:49 [INFO] Iniciando Pre Processamento do Yaml
2026-04-13 12:13:49 [INFO] Novo Yaml Gerado Em 'BotUi_Examples/example_fun_1/output/expanded_yaml.yaml'
2026-04-13 12:13:49 [INFO] 🚀 Iniciando BotUI
2026-04-13 12:13:49 [INFO] 🔄 Executando pipelines
2026-04-13 12:14:02 [INFO] 🚀 Pipeline 'google_consent' iniciada na URL: https://play.pokemonshowdown.com
2026-04-13 12:14:31 [ERROR] Debug Foi ativado para este step, logo o codigo ira finalizar | Step Info: {'action': 'FIND', 'object_type': 'TEXT', 'text': 'Log in', 'click': True, 'refresh': True, 'debug': True}
2026-04-13 12:14:31 [INFO] 🧹 Finalizando driver
2026-04-13 12:15:23 [INFO] ✅ YAML válido!
2026-04-13 12:15:23 [INFO] Iniciando Pre Processamento do Yaml
2026-04-13 12:15:23 [INFO] Novo Yaml Gerado Em 'BotUi_Examples/example_fun_1/output/expanded_yaml.yaml'
2026-04-13 12:15:23 [INFO] 🚀 Iniciando BotUI
2026-04-13 12:15:23 [INFO] 🔄 Executando pipelines
2026-04-13 12:15:37 [INFO] 🚀 Pipeline 'google_consent' iniciada na URL: https://play.pokemonshowdown.com
2026-04-13 12:16:03 [INFO] 🧹 Finalizando driver
2026-04-13 12:24:20 [INFO] ✅ YAML válido!
2026-04-13 12:24:20 [INFO] Iniciando Pre Processamento do Yaml
2026-04-13 12:24:20 [INFO] Novo Yaml Gerado Em 'BotUi_Examples/example_fun_1/output/expanded_yaml.yaml'
2026-04-13 12:24:20 [INFO] 🚀 Iniciando BotUI
2026-04-13 12:24:20 [INFO] 🔄 Executando pipelines
2026-04-13 12:24:28 [INFO] 🚀 Pipeline 'google_consent' iniciada na URL: https://play.pokemonshowdown.com
2026-04-13 12:25:17 [INFO] 🧹 Finalizando driver
2026-04-13 13:35:41 [INFO] ✅ YAML válido!
2026-04-13 13:35:41 [INFO] Iniciando Pre Processamento do Yaml
2026-04-13 13:35:41 [INFO] Novo Yaml Gerado Em 'BotUi_Examples/example_fun_1/output/expanded_yaml.yaml'
2026-04-13 13:35:41 [INFO] 🚀 Iniciando BotUI
2026-04-13 13:35:41 [INFO] 🔄 Executando pipelines
2026-04-13 13:35:54 [INFO] 🚀 Pipeline 'google_consent' iniciada na URL: https://play.pokemonshowdown.com
2026-04-13 13:36:00 [INFO] 🧹 Finalizando driver
2026-04-13 13:37:14 [INFO] ✅ YAML válido!
2026-04-13 13:37:14 [INFO] Iniciando Pre Processamento do Yaml
2026-04-13 13:37:14 [INFO] Novo Yaml Gerado Em 'BotUi_Examples/example_fun_1/output/expanded_yaml.yaml'
2026-04-13 13:37:14 [INFO] 🚀 Iniciando BotUI
2026-04-13 13:37:14 [INFO] 🔄 Executando pipelines
2026-04-13 13:37:22 [INFO] 🚀 Pipeline 'google_consent' iniciada na URL: https://play.pokemonshowdown.com
2026-04-13 13:37:26 [INFO] 🧹 Finalizando driver
2026-04-13 13:39:11 [INFO] ✅ YAML válido!
2026-04-13 13:39:11 [INFO] Iniciando Pre Processamento do Yaml
2026-04-13 13:39:11 [INFO] Novo Yaml Gerado Em 'BotUi_Examples/example_fun_1/output/expanded_yaml.yaml'
2026-04-13 13:39:11 [INFO] 🚀 Iniciando BotUI
2026-04-13 13:39:11 [INFO] 🔄 Executando pipelines
2026-04-13 13:39:18 [INFO] 🚀 Pipeline 'google_consent' iniciada na URL: https://play.pokemonshowdown.com
2026-04-13 13:39:22 [INFO] 🧹 Finalizando driver
2026-04-13 13:43:50 [INFO] ✅ YAML válido!
2026-04-13 13:43:50 [INFO] Iniciando Pre Processamento do Yaml
2026-04-13 13:43:50 [INFO] Novo Yaml Gerado Em 'BotUi_Examples/example_fun_1/output/expanded_yaml.yaml'
2026-04-13 13:43:50 [INFO] 🚀 Iniciando BotUI
2026-04-13 13:43:50 [INFO] 🔄 Executando pipelines
2026-04-13 13:43:58 [INFO] 🚀 Pipeline 'google_consent' iniciada na URL: https://play.pokemonshowdown.com
2026-04-13 13:44:02 [INFO] 🧹 Finalizando driver
2026-04-13 13:45:45 [INFO] ✅ YAML válido!
2026-04-13 13:45:45 [INFO] Iniciando Pre Processamento do Yaml
2026-04-13 13:45:45 [INFO] Novo Yaml Gerado Em 'BotUi_Examples/example_fun_1/output/expanded_yaml.yaml'
2026-04-13 13:45:45 [INFO] 🚀 Iniciando BotUI
2026-04-13 13:45:45 [INFO] 🔄 Executando pipelines
2026-04-13 13:45:53 [INFO] 🚀 Pipeline 'google_consent' iniciada na URL: https://play.pokemonshowdown.com
2026-04-13 13:45:58 [INFO] 🧹 Finalizando driver
2026-04-13 13:47:24 [INFO] ✅ YAML válido!
2026-04-13 13:47:24 [INFO] Iniciando Pre Processamento do Yaml
2026-04-13 13:47:24 [INFO] Novo Yaml Gerado Em 'BotUi_Examples/example_fun_1/output/expanded_yaml.yaml'
2026-04-13 13:47:24 [INFO] 🚀 Iniciando BotUI
2026-04-13 13:47:24 [INFO] 🔄 Executando pipelines
2026-04-13 13:47:32 [INFO] 🚀 Pipeline 'google_consent' iniciada na URL: https://play.pokemonshowdown.com
2026-04-13 13:47:36 [INFO] 🧹 Finalizando driver
2026-04-13 13:47:49 [INFO] ✅ YAML válido!
2026-04-13 13:47:49 [INFO] Iniciando Pre Processamento do Yaml
2026-04-13 13:47:49 [INFO] Novo Yaml Gerado Em 'BotUi_Examples/example_fun_1/output/expanded_yaml.yaml'
2026-04-13 13:47:49 [INFO] 🚀 Iniciando BotUI
2026-04-13 13:47:49 [INFO] 🔄 Executando pipelines
2026-04-13 13:47:56 [INFO] 🚀 Pipeline 'google_consent' iniciada na URL: https://play.pokemonshowdown.com
2026-04-13 13:48:28 [INFO] 🧹 Finalizando driver
2026-04-13 13:50:10 [INFO] ✅ YAML válido!
2026-04-13 13:50:10 [INFO] Iniciando Pre Processamento do Yaml
2026-04-13 13:50:10 [INFO] Novo Yaml Gerado Em 'BotUi_Examples/example_fun_1/output/expanded_yaml.yaml'
2026-04-13 13:50:10 [INFO] 🚀 Iniciando BotUI
2026-04-13 13:50:10 [INFO] 🔄 Executando pipelines
2026-04-13 13:50:18 [INFO] 🚀 Pipeline 'google_consent' iniciada na URL: https://play.pokemonshowdown.com
2026-04-13 13:50:28 [ERROR] Debug: execução interrompida pelo usuário | Step Info: {'action': 'FIND', 'object_type': 'TEXT', 'text': 'Consent', 'optional': True, 'click': True, 'debug': True}
2026-04-13 13:50:28 [INFO] 🧹 Finalizando driver
2026-04-13 13:50:33 [INFO] ✅ YAML válido!
2026-04-13 13:50:33 [INFO] Iniciando Pre Processamento do Yaml
2026-04-13 13:50:33 [INFO] Novo Yaml Gerado Em 'BotUi_Examples/example_fun_1/output/expanded_yaml.yaml'
2026-04-13 13:50:33 [INFO] 🚀 Iniciando BotUI
2026-04-13 13:50:33 [INFO] 🔄 Executando pipelines
2026-04-13 13:50:41 [INFO] 🚀 Pipeline 'google_consent' iniciada na URL: https://play.pokemonshowdown.com
2026-04-13 13:51:08 [INFO] ✅ Todas as pipelines concluídas
2026-04-13 13:51:08 [INFO] 🧹 Finalizando driver
2026-04-13 13:53:24 [INFO] ✅ YAML válido!
2026-04-13 13:53:24 [INFO] Iniciando Pre Processamento do Yaml
2026-04-13 13:53:24 [INFO] Novo Yaml Gerado Em 'BotUi_Examples/example_fun_1/output/expanded_yaml.yaml'
2026-04-13 13:53:24 [INFO] 🚀 Iniciando BotUI
2026-04-13 13:53:24 [INFO] 🔄 Executando pipelines
2026-04-13 13:53:32 [INFO] 🚀 Pipeline 'google_consent' iniciada na URL: https://play.pokemonshowdown.com
2026-04-13 13:54:03 [INFO] 🧹 Finalizando driver
2026-04-13 13:54:08 [INFO] ✅ YAML válido!
2026-04-13 13:54:08 [INFO] Iniciando Pre Processamento do Yaml
2026-04-13 13:54:08 [INFO] Novo Yaml Gerado Em 'BotUi_Examples/example_fun_1/output/expanded_yaml.yaml'
2026-04-13 13:54:08 [INFO] 🚀 Iniciando BotUI
2026-04-13 13:54:08 [INFO] 🔄 Executando pipelines
2026-04-13 13:54:16 [INFO] 🚀 Pipeline 'google_consent' iniciada na URL: https://play.pokemonshowdown.com
2026-04-13 15:29:11 [INFO] 🧹 Finalizando driver
2026-04-13 15:32:41 [INFO] ✅ YAML válido!
2026-04-13 15:32:41 [INFO] Iniciando Pre Processamento do Yaml
2026-04-13 15:32:41 [INFO] Novo Yaml Gerado Em 'BotUi_Examples/example_fun_1/output/expanded_yaml.yaml'
2026-04-13 15:32:41 [INFO] 🚀 Iniciando BotUI
2026-04-13 15:32:41 [INFO] 🔄 Executando pipelines
2026-04-13 15:32:49 [INFO] 🚀 Pipeline 'google_consent' iniciada na URL: https://play.pokemonshowdown.com
2026-04-13 15:33:23 [INFO] 🧹 Finalizando driver
2026-04-13 15:33:31 [INFO] ✅ YAML válido!
2026-04-13 15:33:31 [INFO] Iniciando Pre Processamento do Yaml
2026-04-13 15:33:31 [INFO] Novo Yaml Gerado Em 'BotUi_Examples/example_fun_1/output/expanded_yaml.yaml'
2026-04-13 15:33:31 [INFO] 🚀 Iniciando BotUI
2026-04-13 15:33:31 [INFO] 🔄 Executando pipelines
2026-04-13 15:33:39 [INFO] 🚀 Pipeline 'google_consent' iniciada na URL: https://play.pokemonshowdown.com
2026-04-13 15:33:43 [INFO] Pipeline Pausada, va até http://localhost:8000/docs#/
2026-04-13 15:35:12 [INFO] ✅ Todas as pipelines concluídas
2026-04-13 15:35:12 [INFO] 🧹 Finalizando driver
2026-04-13 15:41:42 [INFO] ✅ YAML válido!
2026-04-13 15:41:42 [INFO] Iniciando Pre Processamento do Yaml
2026-04-13 15:41:42 [INFO] Novo Yaml Gerado Em 'BotUi_Examples/example_fun_1/output/expanded_yaml.yaml'
2026-04-13 15:41:42 [INFO] 🚀 Iniciando BotUI
2026-04-13 15:41:42 [INFO] 🔄 Executando pipelines
2026-04-13 15:41:51 [INFO] 🚀 Pipeline 'google_consent' iniciada na URL: https://play.pokemonshowdown.com
2026-04-13 15:42:19 [ERROR] Existem 0 candidatos, mas foi passado position=0 | Step Info: {'action': 'FIND', 'object_type': 'TEXT', 'text': 'LucianMosegaw', 'click': True, 'until_find': 'retry'}
2026-04-13 15:42:19 [INFO] 🧹 Finalizando driver
2026-04-13 15:43:09 [INFO] ✅ YAML válido!
2026-04-13 15:43:09 [INFO] Iniciando Pre Processamento do Yaml
2026-04-13 15:43:09 [INFO] Novo Yaml Gerado Em 'BotUi_Examples/example_fun_1/output/expanded_yaml.yaml'
2026-04-13 15:43:09 [INFO] 🚀 Iniciando BotUI
2026-04-13 15:43:09 [INFO] 🔄 Executando pipelines
2026-04-13 15:43:16 [INFO] 🚀 Pipeline 'google_consent' iniciada na URL: https://play.pokemonshowdown.com
2026-04-13 15:43:39 [ERROR] Existem 0 candidatos, mas foi passado position=0 | Step Info: {'action': 'FIND', 'object_type': 'TEXT', 'text': 'Password', 'y_coord': 2, 'click': True}
2026-04-13 15:43:39 [INFO] 🧹 Finalizando driver
2026-04-13 15:44:54 [INFO] ✅ YAML válido!
2026-04-13 15:44:54 [INFO] Iniciando Pre Processamento do Yaml
2026-04-13 15:44:54 [INFO] Novo Yaml Gerado Em 'BotUi_Examples/example_fun_1/output/expanded_yaml.yaml'
2026-04-13 15:44:54 [INFO] 🚀 Iniciando BotUI
2026-04-13 15:44:54 [INFO] 🔄 Executando pipelines
2026-04-13 15:45:02 [INFO] 🚀 Pipeline 'google_consent' iniciada na URL: https://play.pokemonshowdown.com
2026-04-13 15:45:07 [INFO] Pipeline Pausada Para Debug, va até http://localhost:8000/docs#/
2026-04-13 15:45:39 [INFO] Pipeline Pausada Para Debug, va até http://localhost:8000/docs#/
2026-04-13 15:45:56 [ERROR] Existem 0 candidatos, mas foi passado position=0 | Step Info: {'action': 'FIND', 'object_type': 'TEXT', 'text': 'LucianMosegaw', 'click': True, 'until_find': 'retry'}
2026-04-13 15:45:56 [INFO] 🧹 Finalizando driver
2026-04-13 15:47:38 [INFO] ✅ YAML válido!
2026-04-13 15:47:38 [INFO] Iniciando Pre Processamento do Yaml
2026-04-13 15:47:38 [INFO] Novo Yaml Gerado Em 'BotUi_Examples/example_fun_1/output/expanded_yaml.yaml'
2026-04-13 15:47:38 [INFO] 🚀 Iniciando BotUI
2026-04-13 15:47:38 [INFO] 🔄 Executando pipelines
2026-04-13 15:48:08 [ERROR] ❌ Falha ao iniciar Pipeline 'google_consent' na URL: https://play.pokemonshowdown.com
2026-04-13 15:48:08 [INFO] 🧹 Finalizando driver
2026-04-13 15:48:24 [INFO] ✅ YAML válido!
2026-04-13 15:48:24 [INFO] Iniciando Pre Processamento do Yaml
2026-04-13 15:48:24 [INFO] Novo Yaml Gerado Em 'BotUi_Examples/example_fun_1/output/expanded_yaml.yaml'
2026-04-13 15:48:24 [INFO] 🚀 Iniciando BotUI
2026-04-13 15:48:24 [INFO] 🔄 Executando pipelines
2026-04-13 15:48:54 [ERROR] ❌ Falha ao iniciar Pipeline 'google_consent' na URL: https://play.pokemonshowdown.com
2026-04-13 15:48:54 [INFO] 🧹 Finalizando driver
2026-04-13 15:49:14 [INFO] ✅ YAML válido!
2026-04-13 15:49:14 [INFO] Iniciando Pre Processamento do Yaml
2026-04-13 15:49:14 [INFO] Novo Yaml Gerado Em 'BotUi_Examples/example_fun_1/output/expanded_yaml.yaml'
2026-04-13 15:49:14 [INFO] 🚀 Iniciando BotUI
2026-04-13 15:49:14 [INFO] 🔄 Executando pipelines
2026-04-13 15:49:22 [INFO] 🚀 Pipeline 'google_consent' iniciada na URL: https://play.pokemonshowdown.com
2026-04-13 15:49:44 [INFO] 🔹 Step: Tentando localizar nome logado!
2026-04-13 15:49:47 [ERROR] Existem 0 candidatos, mas foi passado position=0 | Step Info: {'action': 'FIND', 'object_type': 'TEXT', 'text': 'LucianMosegaw', 'click': True, 'until_find': 'retry', 'helper': 'Tentando localizar nome logado!'}
2026-04-13 15:49:47 [INFO] 🧹 Finalizando driver
2026-04-13 15:50:30 [INFO] ✅ YAML válido!
2026-04-13 15:50:30 [INFO] Iniciando Pre Processamento do Yaml
2026-04-13 15:50:30 [INFO] Novo Yaml Gerado Em 'BotUi_Examples/example_fun_1/output/expanded_yaml.yaml'
2026-04-13 15:50:30 [INFO] 🚀 Iniciando BotUI
2026-04-13 15:50:30 [INFO] 🔄 Executando pipelines
2026-04-13 15:50:38 [INFO] 🚀 Pipeline 'google_consent' iniciada na URL: https://play.pokemonshowdown.com
2026-04-13 15:51:04 [INFO] 🔹 Step: Tentando localizar nome logado!
2026-04-13 15:51:11 [ERROR] Existem 0 candidatos, mas foi passado position=0 | Step Info: {'action': 'FIND', 'object_type': 'TEXT', 'text': 'Choose name', 'click': True}
2026-04-13 15:51:11 [INFO] 🧹 Finalizando driver
2026-04-13 15:51:47 [INFO] ✅ YAML válido!
2026-04-13 15:51:47 [INFO] Iniciando Pre Processamento do Yaml
2026-04-13 15:51:47 [INFO] Novo Yaml Gerado Em 'BotUi_Examples/example_fun_1/output/expanded_yaml.yaml'
2026-04-13 15:51:47 [INFO] 🚀 Iniciando BotUI
2026-04-13 15:51:47 [INFO] 🔄 Executando pipelines
2026-04-13 15:51:55 [INFO] 🚀 Pipeline 'google_consent' iniciada na URL: https://play.pokemonshowdown.com
2026-04-13 15:52:16 [INFO] 🔹 Step: Tentando localizar nome logado!
2026-04-13 15:52:19 [ERROR] Existem 0 candidatos, mas foi passado position=0 | Step Info: {'action': 'FIND', 'object_type': 'TEXT', 'text': 'LucianMosegaw', 'until_find': 'retry', 'helper': 'Tentando localizar nome logado!'}
2026-04-13 15:52:19 [INFO] 🧹 Finalizando driver
2026-04-13 15:56:54 [INFO] ✅ YAML válido!
2026-04-13 15:56:54 [INFO] Iniciando Pre Processamento do Yaml
2026-04-13 15:56:54 [INFO] Novo Yaml Gerado Em 'BotUi_Examples/example_fun_1/output/expanded_yaml.yaml'
2026-04-13 15:56:54 [INFO] 🚀 Iniciando BotUI
2026-04-13 15:56:54 [INFO] 🔄 Executando pipelines
2026-04-13 15:57:03 [INFO] 🚀 Pipeline 'google_consent' iniciada na URL: https://play.pokemonshowdown.com
2026-04-13 15:57:22 [INFO] 🔹 Step: Tentando localizar nome logado!
2026-04-13 15:57:31 [INFO] Pipeline Pausada Para Debug, va até http://localhost:8000/docs#/
2026-04-13 15:59:18 [INFO] ✅ Todas as pipelines concluídas
2026-04-13 15:59:18 [INFO] 🧹 Finalizando driver
2026-04-13 16:49:37 [INFO] ✅ YAML válido!
2026-04-13 16:49:37 [INFO] Iniciando Pre Processamento do Yaml
2026-04-13 16:49:37 [INFO] Novo Yaml Gerado Em 'BotUi_Examples/example_fun_1/output/expanded_yaml.yaml'
2026-04-13 16:49:37 [INFO] 🚀 Iniciando BotUI
2026-04-13 16:49:37 [INFO] 🔄 Executando pipelines
2026-04-13 16:49:47 [INFO] 🚀 Pipeline 'google_consent' iniciada na URL: https://play.pokemonshowdown.com
2026-04-13 16:49:51 [INFO] 🧹 Finalizando driver
2026-04-13 16:51:18 [INFO] ✅ YAML válido!
2026-04-13 16:51:18 [INFO] Iniciando Pre Processamento do Yaml
2026-04-13 16:51:18 [INFO] Novo Yaml Gerado Em 'BotUi_Examples/example_fun_1/output/expanded_yaml.yaml'
2026-04-13 16:51:18 [INFO] 🚀 Iniciando BotUI
2026-04-13 16:51:18 [INFO] 🔄 Executando pipelines
2026-04-13 16:51:25 [INFO] 🚀 Pipeline 'google_consent' iniciada na URL: https://play.pokemonshowdown.com
2026-04-13 16:51:28 [INFO] 🧹 Finalizando driver
2026-04-13 16:51:54 [INFO] ✅ YAML válido!
2026-04-13 16:51:54 [INFO] Iniciando Pre Processamento do Yaml
2026-04-13 16:51:54 [INFO] Novo Yaml Gerado Em 'BotUi_Examples/example_fun_1/output/expanded_yaml.yaml'
2026-04-13 16:51:54 [INFO] 🚀 Iniciando BotUI
2026-04-13 16:51:54 [INFO] 🔄 Executando pipelines
2026-04-13 16:52:02 [INFO] 🚀 Pipeline 'google_consent' iniciada na URL: https://play.pokemonshowdown.com
2026-04-13 16:52:06 [ERROR] [FIND] Objeto não encontrado, mas optional=True | Step Info: {'action': 'FIND', 'object_type': 'TEXT', 'text': 'Consent', 'optional': True, 'click': True}
2026-04-13 16:52:09 [ERROR] [FIND] Objeto não encontrado | Step Info: {'action': 'FIND', 'object_type': 'TEXT', 'text': 'Choose name', 'click': True}
2026-04-13 16:52:09 [INFO] 🧹 Finalizando driver
2026-04-13 16:52:32 [INFO] ✅ YAML válido!
2026-04-13 16:52:32 [INFO] Iniciando Pre Processamento do Yaml
2026-04-13 16:52:32 [INFO] Novo Yaml Gerado Em 'BotUi_Examples/example_fun_1/output/expanded_yaml.yaml'
2026-04-13 16:52:32 [INFO] 🚀 Iniciando BotUI
2026-04-13 16:52:32 [INFO] 🔄 Executando pipelines
2026-04-13 16:52:40 [INFO] 🚀 Pipeline 'google_consent' iniciada na URL: https://play.pokemonshowdown.com
2026-04-13 16:52:44 [ERROR] [FIND] Objeto não encontrado, mas optional=True | Step Info: {'action': 'FIND', 'object_type': 'TEXT', 'text': 'Consent', 'optional': True, 'click': True}
2026-04-13 16:52:47 [ERROR] [FIND] Objeto não encontrado | Step Info: {'action': 'FIND', 'object_type': 'TEXT', 'text': 'Choose name', 'click': True}
2026-04-13 16:52:47 [INFO] 🧹 Finalizando driver
2026-04-13 16:53:20 [INFO] ✅ YAML válido!
2026-04-13 16:53:20 [INFO] Iniciando Pre Processamento do Yaml
2026-04-13 16:53:20 [INFO] Novo Yaml Gerado Em 'BotUi_Examples/example_fun_1/output/expanded_yaml.yaml'
2026-04-13 16:53:20 [INFO] 🚀 Iniciando BotUI
2026-04-13 16:53:20 [INFO] 🔄 Executando pipelines
2026-04-13 16:53:28 [INFO] 🚀 Pipeline 'google_consent' iniciada na URL: https://play.pokemonshowdown.com
2026-04-13 16:53:32 [INFO] Pipeline Pausada Para Debug, va até http://localhost:8000/docs#/
2026-04-13 16:53:47 [ERROR] [FIND] Objeto não encontrado, mas optional=True | Step Info: {'action': 'FIND', 'object_type': 'TEXT', 'text': 'Consent', 'optional': True, 'click': True, 'debug': True}
2026-04-13 16:53:51 [ERROR] [FIND] Objeto não encontrado | Step Info: {'action': 'FIND', 'object_type': 'TEXT', 'text': 'Choose name', 'click': True}
2026-04-13 16:53:51 [INFO] 🧹 Finalizando driver
2026-04-13 16:59:35 [INFO] ✅ YAML válido!
2026-04-13 16:59:35 [INFO] Iniciando Pre Processamento do Yaml
2026-04-13 16:59:35 [INFO] Novo Yaml Gerado Em 'BotUi_Examples/example_fun_1/output/expanded_yaml.yaml'
2026-04-13 16:59:35 [INFO] 🚀 Iniciando BotUI
2026-04-13 16:59:35 [INFO] 🔄 Executando pipelines
2026-04-13 16:59:46 [INFO] 🚀 Pipeline 'google_consent' iniciada na URL: https://play.pokemonshowdown.com
2026-04-13 16:59:50 [INFO] Pipeline Pausada Para Debug, va até http://localhost:8000/docs#/
2026-04-13 17:00:08 [ERROR] [FIND] Objeto não encontrado, mas optional=True | Step Info: {'action': 'FIND', 'object_type': 'TEXT', 'text': 'pokemon', 'in_text': True, 'optional': True, 'click': True, 'debug': True}
2026-04-13 17:00:12 [ERROR] [FIND] Objeto não encontrado | Step Info: {'action': 'FIND', 'object_type': 'TEXT', 'text': 'Choose name', 'click': True}
2026-04-13 17:00:12 [INFO] 🧹 Finalizando driver
2026-04-13 17:01:52 [INFO] ✅ YAML válido!
2026-04-13 17:01:52 [INFO] Iniciando Pre Processamento do Yaml
2026-04-13 17:01:52 [INFO] Novo Yaml Gerado Em 'BotUi_Examples/example_fun_1/output/expanded_yaml.yaml'
2026-04-13 17:01:52 [INFO] 🚀 Iniciando BotUI
2026-04-13 17:01:52 [INFO] 🔄 Executando pipelines
2026-04-13 17:02:00 [INFO] 🚀 Pipeline 'google_consent' iniciada na URL: https://play.pokemonshowdown.com
2026-04-13 17:02:04 [ERROR] {'error': True, 'log_message': "Erro inesperado ao localizar texto 'pokemon' em BotUi_Examples/example_fun_1/output/screenshots/screenshot_page.png: local variable 'final_candidate' referenced before assignment", 'center': None, 'found': False, 'confidence': None, 'debug_image': None, 'debug_image_path': None} | Step Info: {'action': 'FIND', 'object_type': 'TEXT', 'text': 'pokemon', 'in_text': True, 'optional': True, 'click': True, 'debug': True}
2026-04-13 17:02:04 [INFO] 🧹 Finalizando driver
2026-04-13 17:03:19 [INFO] ✅ YAML válido!
2026-04-13 17:03:19 [INFO] Iniciando Pre Processamento do Yaml
2026-04-13 17:03:19 [INFO] Novo Yaml Gerado Em 'BotUi_Examples/example_fun_1/output/expanded_yaml.yaml'
2026-04-13 17:03:19 [INFO] 🚀 Iniciando BotUI
2026-04-13 17:03:19 [INFO] 🔄 Executando pipelines
2026-04-13 17:03:26 [INFO] 🚀 Pipeline 'google_consent' iniciada na URL: https://play.pokemonshowdown.com
2026-04-13 17:03:31 [ERROR] {'error': False, 'log_message': '', 'center': [np.float64(1071.0), np.float64(732.5)], 'found': True, 'confidence': 0.9922452909605843, 'debug_image': array([[[ 78,  71,  68],
        [ 78,  72,  68],
        [ 78,  72,  68],
        ...,
        [ 76,  71,  70],
        [ 76,  71,  70],
        [ 76,  71,  70]],

       [[ 78,  72,  68],
        [ 78,  72,  68],
        [ 78,  71,  68],
        ...,
        [ 77,  71,  70],
        [ 77,  71,  70],
        [ 76,  71,  70]],

       [[ 78,  71,  68],
        [ 78,  71,  68],
        [ 78,  71,  68],
        ...,
        [ 76,  71,  70],
        [ 76,  71,  70],
        [ 76,  71,  70]],

       ...,

       [[ 24,  21,  15],
        [ 24,  20,  13],
        [ 24,  18,   9],
        ...,
        [101, 101, 101],
        [101, 101, 101],
        [101, 101, 101]],

       [[ 24,  20,  14],
        [ 23,  19,  12],
        [ 23,  18,   8],
        ...,
        [101, 101, 101],
        [101, 101, 101],
        [101, 101, 101]],

       [[ 24,  20,  13],
        [ 23,  19,  10],
        [ 23,  17,   7],
        ...,
        [101, 101, 101],
        [101, 101, 101],
        [101, 101, 101]]], shape=(1080, 1920, 3), dtype=uint8), 'debug_image_path': 'BotUi_Examples/example_fun_1/output/debugs/debug.png'} | Step Info: {'action': 'FIND', 'object_type': 'TEXT', 'text': 'Consent', 'in_text': True, 'optional': True, 'click': True, 'debug': True}
2026-04-13 17:03:31 [INFO] 🧹 Finalizando driver
2026-04-13 17:03:45 [INFO] ✅ YAML válido!
2026-04-13 17:03:45 [INFO] Iniciando Pre Processamento do Yaml
2026-04-13 17:03:45 [INFO] Novo Yaml Gerado Em 'BotUi_Examples/example_fun_1/output/expanded_yaml.yaml'
2026-04-13 17:03:45 [INFO] 🚀 Iniciando BotUI
2026-04-13 17:03:45 [INFO] 🔄 Executando pipelines
2026-04-13 17:03:53 [INFO] 🚀 Pipeline 'google_consent' iniciada na URL: https://play.pokemonshowdown.com
2026-04-13 17:03:57 [INFO] Pipeline Pausada Para Debug, va até http://localhost:8000/docs#/
2026-04-13 17:04:19 [INFO] 🔹 Step: Tentando localizar nome logado!
2026-04-13 17:04:29 [INFO] Pipeline Pausada Para Debug, va até http://localhost:8000/docs#/
2026-04-13 17:07:59 [INFO] 🧹 Finalizando driver
2026-04-13 17:08:03 [INFO] ✅ YAML válido!
2026-04-13 17:08:03 [INFO] Iniciando Pre Processamento do Yaml
2026-04-13 17:08:03 [INFO] Novo Yaml Gerado Em 'BotUi_Examples/example_fun_1/output/expanded_yaml.yaml'
2026-04-13 17:08:03 [INFO] 🚀 Iniciando BotUI
2026-04-13 17:08:03 [INFO] 🔄 Executando pipelines
2026-04-13 17:08:12 [INFO] 🚀 Pipeline 'google_consent' iniciada na URL: https://play.pokemonshowdown.com
2026-04-13 17:08:33 [INFO] 🔹 Step: Tentando localizar nome logado!
2026-04-13 17:08:42 [INFO] Pipeline Pausada Para Debug, va até http://localhost:8000/docs#/
2026-04-13 17:14:42 [INFO] 🧹 Finalizando driver
