2026-01-07 12:36:04 [INFO] ✅ YAML válido!
2026-01-07 12:36:04 [INFO] 🔄 Iniciando execução de pipelines
2026-01-07 12:36:12 [INFO] 🚀 Pipeline 'access_jn' iniciada na URL: https://www.jn.pt
2026-01-07 12:36:12 [INFO] 🔹 Step: Consentir no Google se o aviso aparecer
2026-01-07 12:36:14 [INFO] 🔹 Step: Procurar e clicar no texto 'postas'
2026-01-07 12:36:16 [DEBUG] 🔄 Scrolling to locate the object (0/50)...
2026-01-07 12:36:17 [DEBUG] 🔄 Scrolling to locate the object (1/50)...
2026-01-07 12:36:19 [DEBUG] 🔄 Scrolling to locate the object (2/50)...
2026-01-07 12:36:20 [INFO] 🧹 Finalizando e encerrando o driver...
2026-01-07 12:36:47 [INFO] ✅ YAML válido!
2026-01-07 12:36:47 [INFO] 🔄 Iniciando execução de pipelines
2026-01-07 12:36:55 [INFO] 🚀 Pipeline 'access_jn' iniciada na URL: https://www.jn.pt
2026-01-07 12:36:55 [INFO] 🔹 Step: Consentir no Google se o aviso aparecer
2026-01-07 12:36:57 [INFO] 🔹 Step: Procurar e clicar no texto 'postas'
2026-01-07 12:36:58 [DEBUG] 🔄 Scrolling to locate the object (0/50)...
2026-01-07 12:36:59 [DEBUG] 🔄 Scrolling to locate the object (1/50)...
2026-01-07 12:37:00 [DEBUG] 🔄 Scrolling to locate the object (2/50)...
2026-01-07 12:37:00 [DEBUG] 🔄 Scrolling to locate the object (3/50)...
2026-01-07 12:37:01 [DEBUG] 🔄 Scrolling to locate the object (4/50)...
2026-01-07 12:37:02 [DEBUG] 🔄 Scrolling to locate the object (5/50)...
2026-01-07 12:37:03 [DEBUG] 🔄 Scrolling to locate the object (6/50)...
2026-01-07 12:37:03 [DEBUG] 🔄 Scrolling to locate the object (7/50)...
2026-01-07 12:37:04 [DEBUG] 🔄 Scrolling to locate the object (8/50)...
2026-01-07 12:37:05 [DEBUG] 🔄 Scrolling to locate the object (9/50)...
2026-01-07 12:37:05 [DEBUG] 🔄 Scrolling to locate the object (10/50)...
2026-01-07 12:37:06 [DEBUG] 🔄 Scrolling to locate the object (11/50)...
2026-01-07 12:37:07 [DEBUG] 🔄 Scrolling to locate the object (12/50)...
2026-01-07 12:37:08 [INFO] 🧹 Finalizando e encerrando o driver...
2026-01-07 12:39:24 [INFO] ✅ YAML válido!
2026-01-07 12:39:24 [INFO] 🔄 Iniciando execução de pipelines
2026-01-07 12:39:33 [INFO] 🚀 Pipeline 'access_jn' iniciada na URL: https://www.jn.pt
2026-01-07 12:39:33 [INFO] 🔹 Step: Aceitar consentimento se o site estiver em inglês
2026-01-07 12:39:35 [INFO] 🔹 Step: Aguardar aparecer a tela de propaganda e clicar em AVANÇAR
2026-01-07 12:39:48 [INFO] 🧹 Finalizando e encerrando o driver...
2026-01-07 12:40:06 [INFO] ✅ YAML válido!
2026-01-07 12:40:06 [INFO] 🔄 Iniciando execução de pipelines
2026-01-07 12:40:14 [INFO] 🚀 Pipeline 'access_jn' iniciada na URL: https://www.jn.pt
2026-01-07 12:40:14 [INFO] 🔹 Step: Aceitar consentimento se o site estiver em inglês
2026-01-07 12:40:16 [INFO] 🔹 Step: Aguardar aparecer a tela de propaganda e clicar em AVANÇAR
2026-01-07 12:41:02 [INFO] 🧹 Finalizando e encerrando o driver...
2026-01-07 12:42:52 [INFO] ✅ YAML válido!
2026-01-07 12:42:52 [INFO] 🔄 Iniciando execução de pipelines
2026-01-07 12:43:22 [ERROR] ❌ Erro ao iniciar Pipeline 'access_globo' na URL: https://www.globo.com
2026-01-07 12:43:22 [INFO] 🧹 Finalizando e encerrando o driver...
2026-01-07 12:45:25 [INFO] ✅ YAML válido!
2026-01-07 12:45:25 [INFO] 🔄 Iniciando execução de pipelines
2026-01-07 12:45:34 [INFO] 🚀 Pipeline 'access_avatar' iniciada na URL: https://www.avatar.com
2026-01-07 12:45:34 [INFO] 🔹 Step: Localizar e clicar no botão GET TICKETS
2026-01-07 12:45:35 [DEBUG] 🔄 Scrolling to locate the object (0/50)...
2026-01-07 12:45:36 [INFO] ✅ Todas as pipelines concluídas
2026-01-07 12:45:36 [INFO] 🧹 Finalizando e encerrando o driver...
2026-01-07 12:45:56 [INFO] ✅ YAML válido!
2026-01-07 12:45:56 [INFO] 🔄 Iniciando execução de pipelines
2026-01-07 12:46:05 [INFO] 🚀 Pipeline 'access_avatar' iniciada na URL: https://www.avatar.com
2026-01-07 12:46:05 [INFO] 🔹 Step: Localizar e clicar no botão GET TICKETS
2026-01-07 12:46:06 [DEBUG] 🔄 Scrolling to locate the object (0/50)...
2026-01-07 12:46:07 [INFO] ✅ Todas as pipelines concluídas
2026-01-07 12:46:07 [INFO] 🧹 Finalizando e encerrando o driver...
2026-01-07 12:47:54 [INFO] ✅ YAML válido!
2026-01-07 12:47:54 [INFO] 🔄 Iniciando execução de pipelines
2026-01-07 12:48:02 [INFO] 🚀 Pipeline 'access_avatar_email' iniciada na URL: https://www.avatar.com
2026-01-07 12:48:02 [INFO] 🔹 Step: Localizar o texto JOIN OUR EMAIL LIST sem clicar
2026-01-07 12:48:03 [DEBUG] 🔄 Scrolling to locate the object (0/50)...
2026-01-07 12:48:04 [DEBUG] 🔄 Scrolling to locate the object (1/50)...
2026-01-07 12:48:05 [DEBUG] 🔄 Scrolling to locate the object (2/50)...
2026-01-07 12:48:06 [DEBUG] 🔄 Scrolling to locate the object (3/50)...
2026-01-07 12:48:06 [DEBUG] 🔄 Scrolling to locate the object (4/50)...
2026-01-07 12:48:07 [DEBUG] 🔄 Scrolling to locate the object (5/50)...
2026-01-07 12:48:08 [INFO] 🔹 Step: Localizar e clicar em SIGN-UP
2026-01-07 12:48:10 [INFO] ✅ Todas as pipelines concluídas
2026-01-07 12:48:10 [INFO] 🧹 Finalizando e encerrando o driver...
2026-01-07 12:49:55 [INFO] ✅ YAML válido!
2026-01-07 12:49:55 [INFO] 🔄 Iniciando execução de pipelines
2026-01-07 12:50:03 [INFO] 🚀 Pipeline 'access_avatar_email' iniciada na URL: https://www.avatar.com
2026-01-07 12:50:03 [INFO] 🔹 Step: Localizar o texto JOIN OUR EMAIL LIST sem clicar
2026-01-07 12:50:04 [DEBUG] 🔄 Scrolling to locate the object (0/50)...
2026-01-07 12:50:05 [DEBUG] 🔄 Scrolling to locate the object (1/50)...
2026-01-07 12:50:06 [DEBUG] 🔄 Scrolling to locate the object (2/50)...
2026-01-07 12:50:08 [DEBUG] 🔄 Scrolling to locate the object (3/50)...
2026-01-07 12:50:09 [DEBUG] 🔄 Scrolling to locate the object (4/50)...
2026-01-07 12:50:10 [DEBUG] 🔄 Scrolling to locate the object (5/50)...
2026-01-07 12:50:11 [INFO] 🔹 Step: Localizar e clicar em SIGN-UP
2026-01-07 12:50:12 [INFO] 🔹 Step: Escrever o email no campo ativo
2026-01-07 12:50:12 [INFO] 🔹 Step: Clicar em Sign Me Up (debug não é suportado pelo sistema)
2026-01-07 12:50:14 [INFO] ✅ Todas as pipelines concluídas
2026-01-07 12:50:14 [INFO] 🧹 Finalizando e encerrando o driver...
2026-01-07 12:50:32 [INFO] ✅ YAML válido!
2026-01-07 12:50:32 [INFO] 🔄 Iniciando execução de pipelines
2026-01-07 12:50:41 [INFO] 🚀 Pipeline 'access_avatar_email' iniciada na URL: https://www.avatar.com
2026-01-07 12:50:41 [INFO] 🔹 Step: Localizar o texto JOIN OUR EMAIL LIST sem clicar
2026-01-07 12:50:42 [DEBUG] 🔄 Scrolling to locate the object (0/50)...
2026-01-07 12:50:43 [DEBUG] 🔄 Scrolling to locate the object (1/50)...
2026-01-07 12:50:44 [DEBUG] 🔄 Scrolling to locate the object (2/50)...
2026-01-07 12:50:45 [DEBUG] 🔄 Scrolling to locate the object (3/50)...
2026-01-07 12:50:46 [DEBUG] 🔄 Scrolling to locate the object (4/50)...
2026-01-07 12:50:48 [DEBUG] 🔄 Scrolling to locate the object (5/50)...
2026-01-07 12:50:49 [INFO] 🔹 Step: Localizar e clicar em SIGN-UP
2026-01-07 12:50:50 [INFO] 🔹 Step: Escrever o email no campo ativo
2026-01-07 12:50:51 [INFO] 🔹 Step: Clicar em Sign Me Up
2026-01-07 12:50:52 [INFO] ✅ Todas as pipelines concluídas
2026-01-07 12:50:52 [INFO] 🧹 Finalizando e encerrando o driver...
